<?xml version="1.0" encoding="UTF-8"?>
<!-- Generated by org.testng.reporters.JUnitReportReporter -->
<testsuite skipped="0" hostname="SEZ10AUTODATA" name="com.testngprogect.Screenshot" tests="1" failures="0" timestamp="04 Jun 2018 07:17:40 GMT" time="18.626" errors="0">
  <testcase name="screenshot" time="18.626" classname="com.testngprogect.Screenshot"/>
</testsuite> <!-- com.testngprogect.Screenshot -->
