<?xml version="1.0" encoding="UTF-8"?>
<!-- Generated by org.testng.reporters.JUnitReportReporter -->
<testsuite skipped="0" hostname="SEZ10AUTODATA" name="com.testnG.core.BaseClass" tests="1" failures="0" timestamp="26 Apr 2018 13:36:51 GMT" time="0.001" errors="0">
  <testcase name="method4" time="0.001" classname="com.testnG.core.BaseClass"/>
</testsuite> <!-- com.testnG.core.BaseClass -->
