<?xml version="1.0" encoding="UTF-8"?>
<!-- Generated by org.testng.reporters.JUnitReportReporter -->
<testsuite skipped="0" hostname="SEZ10AUTODATA" name="com.testngprogect.Dynamicrow" tests="1" failures="0" timestamp="01 Jun 2018 07:08:15 GMT" time="1155.570" errors="0">
  <testcase name="Brokenlinks" time="1155.570" classname="com.testngprogect.Dynamicrow"/>
</testsuite> <!-- com.testngprogect.Dynamicrow -->
