<?xml version="1.0" encoding="UTF-8"?>
<!-- Generated by org.testng.reporters.JUnitReportReporter -->
<testsuite skipped="0" hostname="SEZ10AUTODATA" name="com.testngprogect.GenericMethodforXPath" tests="1" failures="0" timestamp="13 Jun 2018 11:04:09 GMT" time="12.596" errors="0">
  <testcase name="test1" time="12.596" classname="com.testngprogect.GenericMethodforXPath"/>
</testsuite> <!-- com.testngprogect.GenericMethodforXPath -->
