<?xml version="1.0" encoding="UTF-8"?>
<!-- Generated by org.testng.reporters.JUnitReportReporter -->
<testsuite skipped="0" hostname="SEZ10AUTODATA" name="com.testngprogect.Windowhandles" tests="1" failures="0" timestamp="19 Jun 2018 13:36:30 GMT" time="23.512" errors="0">
  <testcase name="multiplewindowHandle" time="23.512" classname="com.testngprogect.Windowhandles"/>
</testsuite> <!-- com.testngprogect.Windowhandles -->
