<?xml version="1.0" encoding="UTF-8"?>
<!-- Generated by org.testng.reporters.JUnitReportReporter -->
<testsuite skipped="0" hostname="SEZ10AUTODATA" name="com.testngprogect.TestClass" tests="2" failures="0" timestamp="27 Apr 2018 12:25:13 GMT" time="24.099" errors="0">
  <testcase name="test1" time="8.270" classname="com.testngprogect.TestClass"/>
  <testcase name="test2" time="15.829" classname="com.testngprogect.TestClass"/>
</testsuite> <!-- com.testngprogect.TestClass -->
