<?xml version="1.0" encoding="UTF-8"?>
<!-- Generated by org.testng.reporters.JUnitReportReporter -->
<testsuite skipped="0" hostname="SEZ10AUTODATA" name="com.testngprogect.TestClass2" tests="1" failures="0" timestamp="18 May 2018 14:06:23 GMT" time="0.006" errors="0">
  <testcase name="TestClass2Method" time="0.006" classname="com.testngprogect.TestClass2"/>
</testsuite> <!-- com.testngprogect.TestClass2 -->
